[debug] [2023-08-21T07:46:26.033Z] ----------------------------------------------------------------------
[debug] [2023-08-21T07:46:26.035Z] Command:       C:\Program Files\nodejs\node.exe C:\Users\vinitlee\AppData\Roaming\npm\node_modules\firebase-tools\lib\bin\firebase.js init
[debug] [2023-08-21T07:46:26.035Z] CLI Version:   12.4.7
[debug] [2023-08-21T07:46:26.036Z] Platform:      win32
[debug] [2023-08-21T07:46:26.036Z] Node Version:  v16.18.0
[debug] [2023-08-21T07:46:26.037Z] Time:          Mon Aug 21 2023 00:46:26 GMT-0700 (Pacific Daylight Time)
[debug] [2023-08-21T07:46:26.037Z] ----------------------------------------------------------------------
[debug] 
[debug] [2023-08-21T07:46:26.046Z] > command requires scopes: ["email","openid","https://www.googleapis.com/auth/cloudplatformprojects.readonly","https://www.googleapis.com/auth/firebase","https://www.googleapis.com/auth/cloud-platform"]
[debug] [2023-08-21T07:46:26.046Z] > authorizing via signed-in user (vinitlee@gmail.com)
[info] 
     ######## #### ########  ######## ########     ###     ######  ########
     ##        ##  ##     ## ##       ##     ##  ##   ##  ##       ##
     ######    ##  ########  ######   ########  #########  ######  ######
     ##        ##  ##    ##  ##       ##     ## ##     ##       ## ##
     ##       #### ##     ## ######## ########  ##     ##  ######  ########

You're about to initialize a Firebase project in this directory:

  C:\Users\vinitlee\Documents\Projects\Dicing with Death Playlister

[info] 
=== Project Setup
[info] 
[info] First, let's associate this project directory with a Firebase project.
[info] You can create multiple project aliases by running firebase use --add, 
[info] but for now we'll just set up a default project.
[info] 
[debug] [2023-08-21T07:46:30.931Z] >>> [apiv2][query] GET https://firebase.googleapis.com/v1beta1/projects pageSize=100
[debug] [2023-08-21T07:46:31.325Z] <<< [apiv2][status] GET https://firebase.googleapis.com/v1beta1/projects 200
[debug] [2023-08-21T07:46:31.326Z] <<< [apiv2][body] GET https://firebase.googleapis.com/v1beta1/projects [omitted]
[info] i  Using project dicing-with-death-playlister (Dicing with Death Playlister) 
[info] 
=== Hosting Setup
[info] 
[info] Your public directory is the folder (relative to your project directory) that
[info] will contain Hosting assets to be uploaded with firebase deploy. If you
[info] have a build process for your assets, use your build's output directory.
[info] 
[debug] [2023-08-21T07:47:17.104Z] >>> [apiv2][query] GET https://www.gstatic.com/firebasejs/releases.json [none]
[debug] [2023-08-21T07:47:17.209Z] <<< [apiv2][status] GET https://www.gstatic.com/firebasejs/releases.json 200
[debug] [2023-08-21T07:47:17.209Z] <<< [apiv2][body] GET https://www.gstatic.com/firebasejs/releases.json {"current":{"version":"10.2.0","browserURL":"https://www.gstatic.com/firebasejs/10.2.0/firebase.js","packageURL":"https://www.gstatic.com/firebasejs/10.2.0/firebase.tgz"},"live":{"version":"10.2","browserURL":"https://www.gstatic.com/firebasejs/live/10.2/firebase.js","packageURL":"https://www.gstatic.com/firebasejs/live/10.2/firebase.tgz"},"components":{"analytics":"https://www.gstatic.com/firebasejs/10.2.0/firebase-analytics.js","app":"https://www.gstatic.com/firebasejs/10.2.0/firebase-app.js","app-check":"https://www.gstatic.com/firebasejs/10.2.0/firebase-app-check.js","auth":"https://www.gstatic.com/firebasejs/10.2.0/firebase-auth.js","auth/cordova":"https://www.gstatic.com/firebasejs/10.2.0/firebase-auth/cordova.js","functions":"https://www.gstatic.com/firebasejs/10.2.0/firebase-functions.js","firestore":"https://www.gstatic.com/firebasejs/10.2.0/firebase-firestore.js","firestore/lite":"https://www.gstatic.com/firebasejs/10.2.0/firebase-firestore/lite.js","installations":"https://www.gstatic.com/firebasejs/10.2.0/firebase-installations.js","storage":"https://www.gstatic.com/firebasejs/10.2.0/firebase-storage.js","performance":"https://www.gstatic.com/firebasejs/10.2.0/firebase-performance.js","remote-config":"https://www.gstatic.com/firebasejs/10.2.0/firebase-remote-config.js","messaging":"https://www.gstatic.com/firebasejs/10.2.0/firebase-messaging.js","messaging/sw":"https://www.gstatic.com/firebasejs/10.2.0/firebase-messaging/sw.js","database":"https://www.gstatic.com/firebasejs/10.2.0/firebase-database.js","firestore.memory":"https://www.gstatic.com/firebasejs/10.2.0/firebase-firestore.memory.js"}}
[info] +  Wrote public/index.html 
[info] 
[info] i  Didn't detect a .git folder. Assuming C:\Users\vinitlee\Documents\Projects\Dicing with Death Playlister is the project root. 
[info] i  Authorizing with GitHub to upload your service account to a GitHub repository's secrets store. 
[info] 
[info] Visit this URL on this device to log in:
[info] https://github.com/login/oauth/authorize?client_id=89cf50f02ac6aaed3484&state=458421166&redirect_uri=http%3A%2F%2Flocalhost%3A9005&scope=read%3Auser%20repo%20public_repo
[info] 
[info] Waiting for authentication...
[debug] [2023-08-21T07:47:37.056Z] >>> [apiv2][query] POST https://github.com/login/oauth/access_token [none]
[debug] [2023-08-21T07:47:37.056Z] >>> [apiv2][body] POST https://github.com/login/oauth/access_token [stream]
[debug] [2023-08-21T07:47:37.347Z] <<< [apiv2][status] POST https://github.com/login/oauth/access_token 200
[debug] [2023-08-21T07:47:37.347Z] <<< [apiv2][body] POST https://github.com/login/oauth/access_token {"access_token":"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","token_type":"bearer","scope":"read:user,repo"}
[debug] [2023-08-21T07:47:37.352Z] >>> [apiv2][query] GET https://api.github.com/user [none]
[debug] [2023-08-21T07:47:37.921Z] <<< [apiv2][status] GET https://api.github.com/user 200
[debug] [2023-08-21T07:47:37.921Z] <<< [apiv2][body] GET https://api.github.com/user {"login":"vinitlee","id":327942,"node_id":"MDQ6VXNlcjMyNzk0Mg==","avatar_url":"https://avatars.githubusercontent.com/u/327942?v=4","gravatar_id":"","url":"https://api.github.com/users/vinitlee","html_url":"https://github.com/vinitlee","followers_url":"https://api.github.com/users/vinitlee/followers","following_url":"https://api.github.com/users/vinitlee/following{/other_user}","gists_url":"https://api.github.com/users/vinitlee/gists{/gist_id}","starred_url":"https://api.github.com/users/vinitlee/starred{/owner}{/repo}","subscriptions_url":"https://api.github.com/users/vinitlee/subscriptions","organizations_url":"https://api.github.com/users/vinitlee/orgs","repos_url":"https://api.github.com/users/vinitlee/repos","events_url":"https://api.github.com/users/vinitlee/events{/privacy}","received_events_url":"https://api.github.com/users/vinitlee/received_events","type":"User","site_admin":false,"name":null,"company":null,"blog":"","location":null,"email":null,"hireable":null,"bio":null,"twitter_username":null,"public_repos":62,"public_gists":4,"followers":1,"following":0,"created_at":"2010-07-10T00:44:52Z","updated_at":"2023-08-21T07:47:36Z","private_gists":1,"total_private_repos":2,"owned_private_repos":2,"disk_usage":50681,"collaborators":0,"two_factor_authentication":false,"plan":{"name":"free","space":976562499,"collaborators":0,"private_repos":10000}}
[info] 
[info] +  Success! Logged into GitHub as vinitlee 
[info] 
